This file contains any messages produced by compilers while
running configure, to aid debugging if configure makes a mistake.

It was created by userspace-rcu configure 0.6.6, which was
generated by GNU Autoconf 2.67.  Invocation command line was

  $ ./configure 

## --------- ##
## Platform. ##
## --------- ##

hostname = user-desktop
uname -m = i686
uname -r = 2.6.27-7-generic
uname -s = Linux
uname -v = #1 SMP Fri Oct 24 06:42:44 UTC 2008

/usr/bin/uname -p = unknown
/bin/uname -X     = unknown

/bin/arch              = unknown
/usr/bin/arch -k       = unknown
/usr/convex/getsysinfo = unknown
/usr/bin/hostinfo      = unknown
/bin/machine           = unknown
/usr/bin/oslevel       = unknown
/bin/universe          = unknown

PATH: /usr/local/sbin
PATH: /usr/local/bin
PATH: /usr/sbin
PATH: /usr/bin
PATH: /sbin
PATH: /bin
PATH: /usr/X11R6/bin


## ----------- ##
## Core tests. ##
## ----------- ##

configure:2420: checking build system type
configure:2434: result: i686-pc-linux-gnu
configure:2454: checking host system type
configure:2467: result: i686-pc-linux-gnu
configure:2487: checking target system type
configure:2500: result: i686-pc-linux-gnu
configure:2543: checking for a BSD-compatible install
configure:2611: result: /usr/bin/install -c
configure:2622: checking whether build environment is sane
configure:2672: result: yes
configure:2813: checking for a thread-safe mkdir -p
configure:2852: result: /bin/mkdir -p
configure:2865: checking for gawk
configure:2895: result: no
configure:2865: checking for mawk
configure:2881: found /usr/bin/mawk
configure:2892: result: mawk
configure:2903: checking whether make sets $(MAKE)
configure:2925: result: yes
configure:3085: checking for gcc
configure:3101: found /usr/bin/gcc
configure:3112: result: gcc
configure:3341: checking for C compiler version
configure:3350: gcc --version >&5
gcc (Ubuntu 4.3.2-1ubuntu11) 4.3.2
Copyright (C) 2008 Free Software Foundation, Inc.
This is free software; see the source for copying conditions.  There is NO
warranty; not even for MERCHANTABILITY or FITNESS FOR A PARTICULAR PURPOSE.

configure:3361: $? = 0
configure:3350: gcc -v >&5
Using built-in specs.
Target: i486-linux-gnu
Configured with: ../src/configure -v --with-pkgversion='Ubuntu 4.3.2-1ubuntu11' --with-bugurl=file:///usr/share/doc/gcc-4.3/README.Bugs --enable-languages=c,c++,fortran,objc,obj-c++ --prefix=/usr --enable-shared --with-system-zlib --libexecdir=/usr/lib --without-included-gettext --enable-threads=posix --enable-nls --with-gxx-include-dir=/usr/include/c++/4.3 --program-suffix=-4.3 --enable-clocale=gnu --enable-libstdcxx-debug --enable-objc-gc --enable-mpfr --enable-targets=all --enable-checking=release --build=i486-linux-gnu --host=i486-linux-gnu --target=i486-linux-gnu
Thread model: posix
gcc version 4.3.2 (Ubuntu 4.3.2-1ubuntu11) 
configure:3361: $? = 0
configure:3350: gcc -V >&5
gcc: '-V' option must have argument
configure:3361: $? = 1
configure:3350: gcc -qversion >&5
gcc: unrecognized option '-qversion'
gcc: no input files
configure:3361: $? = 1
configure:3381: checking whether the C compiler works
configure:3403: gcc    conftest.c  >&5
configure:3407: $? = 0
configure:3455: result: yes
configure:3458: checking for C compiler default output file name
configure:3460: result: a.out
configure:3466: checking for suffix of executables
configure:3473: gcc -o conftest    conftest.c  >&5
configure:3477: $? = 0
configure:3499: result: 
configure:3521: checking whether we are cross compiling
configure:3529: gcc -o conftest    conftest.c  >&5
configure:3533: $? = 0
configure:3540: ./conftest
configure:3544: $? = 0
configure:3559: result: no
configure:3564: checking for suffix of object files
configure:3586: gcc -c   conftest.c >&5
configure:3590: $? = 0
configure:3611: result: o
configure:3615: checking whether we are using the GNU C compiler
configure:3634: gcc -c   conftest.c >&5
configure:3634: $? = 0
configure:3643: result: yes
configure:3652: checking whether gcc accepts -g
configure:3672: gcc -c -g  conftest.c >&5
configure:3672: $? = 0
configure:3713: result: yes
configure:3730: checking for gcc option to accept ISO C89
configure:3794: gcc  -c -g -O2  conftest.c >&5
configure:3794: $? = 0
configure:3807: result: none needed
configure:3838: checking for style of include used by make
configure:3866: result: GNU
configure:3891: checking dependency style of gcc
configure:4001: result: gcc3
configure:4016: checking whether make sets $(MAKE)
configure:4038: result: yes
configure:4072: checking for a sed that does not truncate output
configure:4136: result: /bin/sed
configure:4154: checking for grep that handles long lines and -e
configure:4212: result: /bin/grep
configure:4217: checking for egrep
configure:4279: result: /bin/grep -E
configure:4284: checking for fgrep
configure:4346: result: /bin/grep -F
configure:4381: checking for ld used by gcc
configure:4448: result: /usr/bin/ld
configure:4455: checking if the linker (/usr/bin/ld) is GNU ld
configure:4470: result: yes
configure:4482: checking for BSD- or MS-compatible name lister (nm)
configure:4531: result: /usr/bin/nm -B
configure:4649: checking the name lister (/usr/bin/nm -B) interface
configure:4656: gcc -c -g -O2  conftest.c >&5
configure:4659: /usr/bin/nm -B "conftest.o"
configure:4662: output
00000000 B some_variable
configure:4669: result: BSD nm
configure:4672: checking whether ln -s works
configure:4676: result: yes
configure:4684: checking the maximum length of command line arguments
configure:4804: result: 1572864
configure:4821: checking whether the shell understands some XSI constructs
configure:4831: result: yes
configure:4835: checking whether the shell understands "+="
configure:4841: result: yes
configure:4876: checking for /usr/bin/ld option to reload object files
configure:4883: result: -r
configure:4952: checking for objdump
configure:4968: found /usr/bin/objdump
configure:4979: result: objdump
configure:5011: checking how to recognize dependent libraries
configure:5207: result: pass_all
configure:5267: checking for ar
configure:5283: found /usr/bin/ar
configure:5294: result: ar
configure:5372: checking for strip
configure:5388: found /usr/bin/strip
configure:5399: result: strip
configure:5471: checking for ranlib
configure:5487: found /usr/bin/ranlib
configure:5498: result: ranlib
configure:5588: checking command to parse /usr/bin/nm -B output from gcc object
configure:5706: gcc -c -g -O2  conftest.c >&5
configure:5709: $? = 0
configure:5713: /usr/bin/nm -B conftest.o \| sed -n -e 's/^.*[	 ]\([ABCDGIRSTW][ABCDGIRSTW]*\)[	 ][	 ]*\([_A-Za-z][_A-Za-z0-9]*\)$/\1 \2 \2/p' \> conftest.nm
configure:5716: $? = 0
configure:5770: gcc -o conftest -g -O2   conftest.c conftstm.o >&5
configure:5773: $? = 0
configure:5811: result: ok
configure:6620: checking how to run the C preprocessor
configure:6651: gcc -E  conftest.c
configure:6651: $? = 0
configure:6665: gcc -E  conftest.c
conftest.c:11:28: error: ac_nonexistent.h: No such file or directory
configure:6665: $? = 1
configure: failed program was:
| /* confdefs.h */
| #define PACKAGE_NAME "userspace-rcu"
| #define PACKAGE_TARNAME "userspace-rcu"
| #define PACKAGE_VERSION "0.6.6"
| #define PACKAGE_STRING "userspace-rcu 0.6.6"
| #define PACKAGE_BUGREPORT "mathieu dot desnoyers at efficios dot com"
| #define PACKAGE_URL ""
| #define PACKAGE "userspace-rcu"
| #define VERSION "0.6.6"
| /* end confdefs.h.  */
| #include <ac_nonexistent.h>
configure:6690: result: gcc -E
configure:6710: gcc -E  conftest.c
configure:6710: $? = 0
configure:6724: gcc -E  conftest.c
conftest.c:11:28: error: ac_nonexistent.h: No such file or directory
configure:6724: $? = 1
configure: failed program was:
| /* confdefs.h */
| #define PACKAGE_NAME "userspace-rcu"
| #define PACKAGE_TARNAME "userspace-rcu"
| #define PACKAGE_VERSION "0.6.6"
| #define PACKAGE_STRING "userspace-rcu 0.6.6"
| #define PACKAGE_BUGREPORT "mathieu dot desnoyers at efficios dot com"
| #define PACKAGE_URL ""
| #define PACKAGE "userspace-rcu"
| #define VERSION "0.6.6"
| /* end confdefs.h.  */
| #include <ac_nonexistent.h>
configure:6753: checking for ANSI C header files
configure:6773: gcc -c -g -O2  conftest.c >&5
configure:6773: $? = 0
configure:6846: gcc -o conftest -g -O2   conftest.c  >&5
configure:6846: $? = 0
configure:6846: ./conftest
configure:6846: $? = 0
configure:6857: result: yes
configure:6870: checking for sys/types.h
configure:6870: gcc -c -g -O2  conftest.c >&5
configure:6870: $? = 0
configure:6870: result: yes
configure:6870: checking for sys/stat.h
configure:6870: gcc -c -g -O2  conftest.c >&5
configure:6870: $? = 0
configure:6870: result: yes
configure:6870: checking for stdlib.h
configure:6870: gcc -c -g -O2  conftest.c >&5
configure:6870: $? = 0
configure:6870: result: yes
configure:6870: checking for string.h
configure:6870: gcc -c -g -O2  conftest.c >&5
configure:6870: $? = 0
configure:6870: result: yes
configure:6870: checking for memory.h
configure:6870: gcc -c -g -O2  conftest.c >&5
configure:6870: $? = 0
configure:6870: result: yes
configure:6870: checking for strings.h
configure:6870: gcc -c -g -O2  conftest.c >&5
configure:6870: $? = 0
configure:6870: result: yes
configure:6870: checking for inttypes.h
configure:6870: gcc -c -g -O2  conftest.c >&5
configure:6870: $? = 0
configure:6870: result: yes
configure:6870: checking for stdint.h
configure:6870: gcc -c -g -O2  conftest.c >&5
configure:6870: $? = 0
configure:6870: result: yes
configure:6870: checking for unistd.h
configure:6870: gcc -c -g -O2  conftest.c >&5
configure:6870: $? = 0
configure:6870: result: yes
configure:6884: checking for dlfcn.h
configure:6884: gcc -c -g -O2  conftest.c >&5
configure:6884: $? = 0
configure:6884: result: yes
configure:7068: checking for objdir
configure:7083: result: .libs
configure:7375: checking if gcc supports -fno-rtti -fno-exceptions
configure:7393: gcc -c -g -O2  -fno-rtti -fno-exceptions conftest.c >&5
cc1: warning: command line option "-fno-rtti" is valid for C++/ObjC++ but not for C
configure:7397: $? = 0
configure:7410: result: no
configure:7430: checking for gcc option to produce PIC
configure:7702: result: -fPIC -DPIC
configure:7714: checking if gcc PIC flag -fPIC -DPIC works
configure:7732: gcc -c -g -O2  -fPIC -DPIC -DPIC conftest.c >&5
configure:7736: $? = 0
configure:7749: result: yes
configure:7773: checking if gcc static flag -static works
configure:7801: result: yes
configure:7816: checking if gcc supports -c -o file.o
configure:7837: gcc -c -g -O2  -o out/conftest2.o conftest.c >&5
configure:7841: $? = 0
configure:7863: result: yes
configure:7871: checking if gcc supports -c -o file.o
configure:7918: result: yes
configure:7951: checking whether the gcc linker (/usr/bin/ld) supports shared libraries
configure:8942: result: yes
configure:8979: checking whether -lc should be explicitly linked in
configure:8984: gcc -c -g -O2  conftest.c >&5
configure:8987: $? = 0
configure:9002: gcc -shared conftest.o  -v -Wl,-soname -Wl,conftest -o conftest 2\>\&1 \| /bin/grep  -lc  \>/dev/null 2\>\&1
configure:9005: $? = 0
configure:9017: result: no
configure:9181: checking dynamic linker characteristics
configure:9614: gcc -o conftest -g -O2   -Wl,-rpath -Wl,/foo conftest.c  >&5
configure:9614: $? = 0
configure:9844: result: GNU/Linux ld.so
configure:9946: checking how to hardcode library paths into programs
configure:9971: result: immediate
configure:10491: checking whether stripping libraries is possible
configure:10496: result: yes
configure:10531: checking if libtool supports shared libraries
configure:10533: result: yes
configure:10536: checking whether to build shared libraries
configure:10557: result: yes
configure:10560: checking whether to build static libraries
configure:10564: result: yes
configure:10601: checking for inline
configure:10617: gcc -c -g -O2  conftest.c >&5
configure:10617: $? = 0
configure:10625: result: inline
configure:10643: checking for pid_t
configure:10643: gcc -c -g -O2  conftest.c >&5
configure:10643: $? = 0
configure:10643: gcc -c -g -O2  conftest.c >&5
conftest.c: In function 'main':
conftest.c:59: error: expected expression before ')' token
configure:10643: $? = 1
configure: failed program was:
| /* confdefs.h */
| #define PACKAGE_NAME "userspace-rcu"
| #define PACKAGE_TARNAME "userspace-rcu"
| #define PACKAGE_VERSION "0.6.6"
| #define PACKAGE_STRING "userspace-rcu 0.6.6"
| #define PACKAGE_BUGREPORT "mathieu dot desnoyers at efficios dot com"
| #define PACKAGE_URL ""
| #define PACKAGE "userspace-rcu"
| #define VERSION "0.6.6"
| #define STDC_HEADERS 1
| #define HAVE_SYS_TYPES_H 1
| #define HAVE_SYS_STAT_H 1
| #define HAVE_STDLIB_H 1
| #define HAVE_STRING_H 1
| #define HAVE_MEMORY_H 1
| #define HAVE_STRINGS_H 1
| #define HAVE_INTTYPES_H 1
| #define HAVE_STDINT_H 1
| #define HAVE_UNISTD_H 1
| #define HAVE_DLFCN_H 1
| #define LT_OBJDIR ".libs/"
| /* end confdefs.h.  */
| #include <stdio.h>
| #ifdef HAVE_SYS_TYPES_H
| # include <sys/types.h>
| #endif
| #ifdef HAVE_SYS_STAT_H
| # include <sys/stat.h>
| #endif
| #ifdef STDC_HEADERS
| # include <stdlib.h>
| # include <stddef.h>
| #else
| # ifdef HAVE_STDLIB_H
| #  include <stdlib.h>
| # endif
| #endif
| #ifdef HAVE_STRING_H
| # if !defined STDC_HEADERS && defined HAVE_MEMORY_H
| #  include <memory.h>
| # endif
| # include <string.h>
| #endif
| #ifdef HAVE_STRINGS_H
| # include <strings.h>
| #endif
| #ifdef HAVE_INTTYPES_H
| # include <inttypes.h>
| #endif
| #ifdef HAVE_STDINT_H
| # include <stdint.h>
| #endif
| #ifdef HAVE_UNISTD_H
| # include <unistd.h>
| #endif
| int
| main ()
| {
| if (sizeof ((pid_t)))
| 	    return 0;
|   ;
|   return 0;
| }
configure:10643: result: yes
configure:10654: checking for size_t
configure:10654: gcc -c -g -O2  conftest.c >&5
configure:10654: $? = 0
configure:10654: gcc -c -g -O2  conftest.c >&5
conftest.c: In function 'main':
conftest.c:59: error: expected expression before ')' token
configure:10654: $? = 1
configure: failed program was:
| /* confdefs.h */
| #define PACKAGE_NAME "userspace-rcu"
| #define PACKAGE_TARNAME "userspace-rcu"
| #define PACKAGE_VERSION "0.6.6"
| #define PACKAGE_STRING "userspace-rcu 0.6.6"
| #define PACKAGE_BUGREPORT "mathieu dot desnoyers at efficios dot com"
| #define PACKAGE_URL ""
| #define PACKAGE "userspace-rcu"
| #define VERSION "0.6.6"
| #define STDC_HEADERS 1
| #define HAVE_SYS_TYPES_H 1
| #define HAVE_SYS_STAT_H 1
| #define HAVE_STDLIB_H 1
| #define HAVE_STRING_H 1
| #define HAVE_MEMORY_H 1
| #define HAVE_STRINGS_H 1
| #define HAVE_INTTYPES_H 1
| #define HAVE_STDINT_H 1
| #define HAVE_UNISTD_H 1
| #define HAVE_DLFCN_H 1
| #define LT_OBJDIR ".libs/"
| /* end confdefs.h.  */
| #include <stdio.h>
| #ifdef HAVE_SYS_TYPES_H
| # include <sys/types.h>
| #endif
| #ifdef HAVE_SYS_STAT_H
| # include <sys/stat.h>
| #endif
| #ifdef STDC_HEADERS
| # include <stdlib.h>
| # include <stddef.h>
| #else
| # ifdef HAVE_STDLIB_H
| #  include <stdlib.h>
| # endif
| #endif
| #ifdef HAVE_STRING_H
| # if !defined STDC_HEADERS && defined HAVE_MEMORY_H
| #  include <memory.h>
| # endif
| # include <string.h>
| #endif
| #ifdef HAVE_STRINGS_H
| # include <strings.h>
| #endif
| #ifdef HAVE_INTTYPES_H
| # include <inttypes.h>
| #endif
| #ifdef HAVE_STDINT_H
| # include <stdint.h>
| #endif
| #ifdef HAVE_UNISTD_H
| # include <unistd.h>
| #endif
| int
| main ()
| {
| if (sizeof ((size_t)))
| 	    return 0;
|   ;
|   return 0;
| }
configure:10654: result: yes
configure:10669: checking for stdlib.h
configure:10669: result: yes
configure:10679: checking for GNU libc compatible malloc
configure:10703: gcc -o conftest -g -O2   conftest.c  >&5
configure:10703: $? = 0
configure:10703: ./conftest
configure:10703: $? = 0
configure:10713: result: yes
configure:10740: checking for stdlib.h
configure:10740: result: yes
configure:10740: checking for unistd.h
configure:10740: result: yes
configure:10740: checking for sys/param.h
configure:10740: gcc -c -g -O2  conftest.c >&5
configure:10740: $? = 0
configure:10740: result: yes
configure:10760: checking for getpagesize
configure:10760: gcc -o conftest -g -O2   conftest.c  >&5
configure:10760: $? = 0
configure:10760: result: yes
configure:10769: checking for working mmap
configure:10916: gcc -o conftest -g -O2   conftest.c  >&5
configure:10916: $? = 0
configure:10916: ./conftest
configure:10916: $? = 0
configure:10926: result: yes
configure:10938: checking for bzero
configure:10938: gcc -o conftest -g -O2   conftest.c  >&5
conftest.c:53: warning: conflicting types for built-in function 'bzero'
configure:10938: $? = 0
configure:10938: result: yes
configure:10938: checking for gettimeofday
configure:10938: gcc -o conftest -g -O2   conftest.c  >&5
configure:10938: $? = 0
configure:10938: result: yes
configure:10938: checking for munmap
configure:10938: gcc -o conftest -g -O2   conftest.c  >&5
configure:10938: $? = 0
configure:10938: result: yes
configure:10938: checking for sched_getcpu
configure:10938: gcc -o conftest -g -O2   conftest.c  >&5
configure:10938: $? = 0
configure:10938: result: yes
configure:10938: checking for strtoul
configure:10938: gcc -o conftest -g -O2   conftest.c  >&5
configure:10938: $? = 0
configure:10938: result: yes
configure:10938: checking for sysconf
configure:10938: gcc -o conftest -g -O2   conftest.c  >&5
configure:10938: $? = 0
configure:10938: result: yes
configure:11025: checking sys_futex()
configure:11044: gcc -c -g -O2  conftest.c >&5
configure:11044: $? = 0
configure:11046: result: yes
configure:11142: checking for sched_setaffinity
configure:11142: gcc -o conftest -g -O2 -D_GNU_SOURCE   conftest.c  >&5
configure:11142: $? = 0
configure:11142: result: yes
configure:11153: checking for cpu_set_t
configure:11153: gcc -c -g -O2 -D_GNU_SOURCE  conftest.c >&5
configure:11153: $? = 0
configure:11153: gcc -c -g -O2 -D_GNU_SOURCE  conftest.c >&5
conftest.c: In function 'main':
conftest.c:45: error: expected expression before ')' token
configure:11153: $? = 1
configure: failed program was:
| /* confdefs.h */
| #define PACKAGE_NAME "userspace-rcu"
| #define PACKAGE_TARNAME "userspace-rcu"
| #define PACKAGE_VERSION "0.6.6"
| #define PACKAGE_STRING "userspace-rcu 0.6.6"
| #define PACKAGE_BUGREPORT "mathieu dot desnoyers at efficios dot com"
| #define PACKAGE_URL ""
| #define PACKAGE "userspace-rcu"
| #define VERSION "0.6.6"
| #define STDC_HEADERS 1
| #define HAVE_SYS_TYPES_H 1
| #define HAVE_SYS_STAT_H 1
| #define HAVE_STDLIB_H 1
| #define HAVE_STRING_H 1
| #define HAVE_MEMORY_H 1
| #define HAVE_STRINGS_H 1
| #define HAVE_INTTYPES_H 1
| #define HAVE_STDINT_H 1
| #define HAVE_UNISTD_H 1
| #define HAVE_DLFCN_H 1
| #define LT_OBJDIR ".libs/"
| #define HAVE_STDLIB_H 1
| #define HAVE_MALLOC 1
| #define HAVE_STDLIB_H 1
| #define HAVE_UNISTD_H 1
| #define HAVE_SYS_PARAM_H 1
| #define HAVE_GETPAGESIZE 1
| #define HAVE_MMAP 1
| #define HAVE_BZERO 1
| #define HAVE_GETTIMEOFDAY 1
| #define HAVE_MUNMAP 1
| #define HAVE_SCHED_GETCPU 1
| #define HAVE_STRTOUL 1
| #define HAVE_SYSCONF 1
| #define CONFIG_RCU_HAVE_FUTEX 1
| #define CONFIG_RCU_SMP 1
| #define HAVE_SCHED_SETAFFINITY 1
| /* end confdefs.h.  */
| #include <sched.h>
| 
| 
| int
| main ()
| {
| if (sizeof ((cpu_set_t)))
| 	    return 0;
|   ;
|   return 0;
| }
configure:11153: result: yes
configure:11163: checking whether CPU_ZERO works
configure:11179: gcc -c -g -O2 -D_GNU_SOURCE  conftest.c >&5
conftest.c:40:1: warning: "_GNU_SOURCE" redefined
<command-line>: warning: this is the location of the previous definition
configure:11179: $? = 0
configure:11183: result: yes
configure:11195: checking how many arguments sched_setaffinity takes
configure:11209: gcc -c -g -O2 -D_GNU_SOURCE  conftest.c >&5
configure:11209: $? = 0
configure:11220: result: 3
configure:11368: creating ./config.status

## ---------------------- ##
## Running config.status. ##
## ---------------------- ##

This file was extended by userspace-rcu config.status 0.6.6, which was
generated by GNU Autoconf 2.67.  Invocation command line was

  CONFIG_FILES    = 
  CONFIG_HEADERS  = 
  CONFIG_LINKS    = 
  CONFIG_COMMANDS = 
  $ ./config.status 

on user-desktop

config.status:1115: creating Makefile
config.status:1115: creating tests/Makefile
config.status:1115: creating liburcu-cds.pc
config.status:1115: creating liburcu.pc
config.status:1115: creating liburcu-bp.pc
config.status:1115: creating liburcu-qsbr.pc
config.status:1115: creating liburcu-mb.pc
config.status:1115: creating liburcu-signal.pc
config.status:1115: creating config.h
config.status:1295: config.h is unchanged
config.status:1115: creating urcu/config.h
config.status:1295: urcu/config.h is unchanged
config.status:1355: linking urcu/arch/x86.h to urcu/arch.h
config.status:1355: linking urcu/uatomic/x86.h to urcu/uatomic.h
config.status:1374: executing depfiles commands
config.status:1374: executing libtool commands

## ---------------- ##
## Cache variables. ##
## ---------------- ##

ac_cv_build=i686-pc-linux-gnu
ac_cv_c_compiler_gnu=yes
ac_cv_c_inline=inline
ac_cv_env_CC_set=
ac_cv_env_CC_value=
ac_cv_env_CFLAGS_set=
ac_cv_env_CFLAGS_value=
ac_cv_env_CPPFLAGS_set=
ac_cv_env_CPPFLAGS_value=
ac_cv_env_CPP_set=
ac_cv_env_CPP_value=
ac_cv_env_LDFLAGS_set=
ac_cv_env_LDFLAGS_value=
ac_cv_env_LIBS_set=
ac_cv_env_LIBS_value=
ac_cv_env_build_alias_set=
ac_cv_env_build_alias_value=
ac_cv_env_host_alias_set=
ac_cv_env_host_alias_value=
ac_cv_env_target_alias_set=
ac_cv_env_target_alias_value=
ac_cv_func_bzero=yes
ac_cv_func_getpagesize=yes
ac_cv_func_gettimeofday=yes
ac_cv_func_malloc_0_nonnull=yes
ac_cv_func_mmap_fixed_mapped=yes
ac_cv_func_munmap=yes
ac_cv_func_sched_getcpu=yes
ac_cv_func_sched_setaffinity=yes
ac_cv_func_strtoul=yes
ac_cv_func_sysconf=yes
ac_cv_header_dlfcn_h=yes
ac_cv_header_inttypes_h=yes
ac_cv_header_memory_h=yes
ac_cv_header_stdc=yes
ac_cv_header_stdint_h=yes
ac_cv_header_stdlib_h=yes
ac_cv_header_string_h=yes
ac_cv_header_strings_h=yes
ac_cv_header_sys_param_h=yes
ac_cv_header_sys_stat_h=yes
ac_cv_header_sys_types_h=yes
ac_cv_header_unistd_h=yes
ac_cv_host=i686-pc-linux-gnu
ac_cv_objext=o
ac_cv_path_EGREP='/bin/grep -E'
ac_cv_path_FGREP='/bin/grep -F'
ac_cv_path_GREP=/bin/grep
ac_cv_path_SED=/bin/sed
ac_cv_path_install='/usr/bin/install -c'
ac_cv_path_mkdir=/bin/mkdir
ac_cv_prog_AWK=mawk
ac_cv_prog_CPP='gcc -E'
ac_cv_prog_ac_ct_AR=ar
ac_cv_prog_ac_ct_CC=gcc
ac_cv_prog_ac_ct_OBJDUMP=objdump
ac_cv_prog_ac_ct_RANLIB=ranlib
ac_cv_prog_ac_ct_STRIP=strip
ac_cv_prog_cc_c89=
ac_cv_prog_cc_g=yes
ac_cv_prog_make_make_set=yes
ac_cv_target=i686-pc-linux-gnu
ac_cv_type_cpu_set_t=yes
ac_cv_type_pid_t=yes
ac_cv_type_size_t=yes
am_cv_CC_dependencies_compiler_type=gcc3
lt_cv_deplibs_check_method=pass_all
lt_cv_file_magic_cmd='$MAGIC_CMD'
lt_cv_file_magic_test_file=
lt_cv_ld_reload_flag=-r
lt_cv_nm_interface='BSD nm'
lt_cv_objdir=.libs
lt_cv_path_LD=/usr/bin/ld
lt_cv_path_NM='/usr/bin/nm -B'
lt_cv_prog_compiler_c_o=yes
lt_cv_prog_compiler_pic_works=yes
lt_cv_prog_compiler_rtti_exceptions=no
lt_cv_prog_compiler_static_works=yes
lt_cv_prog_gnu_ld=yes
lt_cv_sys_global_symbol_pipe='sed -n -e '\''s/^.*[	 ]\([ABCDGIRSTW][ABCDGIRSTW]*\)[	 ][	 ]*\([_A-Za-z][_A-Za-z0-9]*\)$/\1 \2 \2/p'\'''
lt_cv_sys_global_symbol_to_c_name_address='sed -n -e '\''s/^: \([^ ]*\) $/  {\"\1\", (void *) 0},/p'\'' -e '\''s/^[ABCDGIRSTW]* \([^ ]*\) \([^ ]*\)$/  {"\2", (void *) \&\2},/p'\'''
lt_cv_sys_global_symbol_to_c_name_address_lib_prefix='sed -n -e '\''s/^: \([^ ]*\) $/  {\"\1\", (void *) 0},/p'\'' -e '\''s/^[ABCDGIRSTW]* \([^ ]*\) \(lib[^ ]*\)$/  {"\2", (void *) \&\2},/p'\'' -e '\''s/^[ABCDGIRSTW]* \([^ ]*\) \([^ ]*\)$/  {"lib\2", (void *) \&\2},/p'\'''
lt_cv_sys_global_symbol_to_cdecl='sed -n -e '\''s/^T .* \(.*\)$/extern int \1();/p'\'' -e '\''s/^[ABCDGIRSTW]* .* \(.*\)$/extern char \1;/p'\'''
lt_cv_sys_max_cmd_len=1572864

## ----------------- ##
## Output variables. ##
## ----------------- ##

ACLOCAL='${SHELL} /home/user/controller/ext/urcu/config/missing --run aclocal-1.11'
AMDEPBACKSLASH='\'
AMDEP_FALSE='#'
AMDEP_TRUE=''
AMTAR='${SHELL} /home/user/controller/ext/urcu/config/missing --run tar'
AM_BACKSLASH='\'
AM_DEFAULT_VERBOSITY='0'
AR='ar'
ARCHTYPE='x86'
AUTOCONF='${SHELL} /home/user/controller/ext/urcu/config/missing --run autoconf'
AUTOHEADER='${SHELL} /home/user/controller/ext/urcu/config/missing --run autoheader'
AUTOMAKE='${SHELL} /home/user/controller/ext/urcu/config/missing --run automake-1.11'
AWK='mawk'
CC='gcc'
CCDEPMODE='depmode=gcc3'
CFLAGS='-g -O2'
COMPAT_ARCH_FALSE=''
COMPAT_ARCH_TRUE='#'
COMPAT_FUTEX_FALSE=''
COMPAT_FUTEX_TRUE='#'
CPP='gcc -E'
CPPFLAGS=''
CYGPATH_W='echo'
DEFS='-DHAVE_CONFIG_H'
DEPDIR='.deps'
DSYMUTIL=''
DUMPBIN=''
ECHO_C=''
ECHO_N='-n'
ECHO_T=''
EGREP='/bin/grep -E'
EXEEXT=''
FGREP='/bin/grep -F'
GREP='/bin/grep'
INSTALL_DATA='${INSTALL} -m 644'
INSTALL_PROGRAM='${INSTALL}'
INSTALL_SCRIPT='${INSTALL}'
INSTALL_STRIP_PROGRAM='$(install_sh) -c -s'
LD='/usr/bin/ld'
LDFLAGS=''
LIBOBJS=''
LIBS=''
LIBTOOL='$(SHELL) $(top_builddir)/libtool'
LIPO=''
LN_S='ln -s'
LTLIBOBJS=''
MAKEINFO='${SHELL} /home/user/controller/ext/urcu/config/missing --run makeinfo'
MKDIR_P='/bin/mkdir -p'
NM='/usr/bin/nm -B'
NMEDIT=''
OBJDUMP='objdump'
OBJEXT='o'
OTOOL64=''
OTOOL=''
PACKAGE='userspace-rcu'
PACKAGE_BUGREPORT='mathieu dot desnoyers at efficios dot com'
PACKAGE_NAME='userspace-rcu'
PACKAGE_STRING='userspace-rcu 0.6.6'
PACKAGE_TARNAME='userspace-rcu'
PACKAGE_URL=''
PACKAGE_VERSION='0.6.6'
PATH_SEPARATOR=':'
RANLIB='ranlib'
SED='/bin/sed'
SET_MAKE=''
SHELL='/bin/bash'
STRIP='strip'
SUBARCHTYPE=''
URCU_LIBRARY_VERSION='1:0:0'
VERSION='0.6.6'
ac_ct_CC='gcc'
ac_ct_DUMPBIN=''
am__EXEEXT_FALSE=''
am__EXEEXT_TRUE='#'
am__fastdepCC_FALSE='#'
am__fastdepCC_TRUE=''
am__include='include'
am__isrc=''
am__leading_dot='.'
am__quote=''
am__tar='${AMTAR} chof - "$$tardir"'
am__untar='${AMTAR} xf -'
bindir='${exec_prefix}/bin'
build='i686-pc-linux-gnu'
build_alias=''
build_cpu='i686'
build_os='linux-gnu'
build_vendor='pc'
datadir='${datarootdir}'
datarootdir='${prefix}/share'
docdir='${datarootdir}/doc/${PACKAGE_TARNAME}'
dvidir='${docdir}'
exec_prefix='${prefix}'
host='i686-pc-linux-gnu'
host_alias=''
host_cpu='i686'
host_os='linux-gnu'
host_vendor='pc'
htmldir='${docdir}'
includedir='${prefix}/include'
infodir='${datarootdir}/info'
install_sh='${SHELL} /home/user/controller/ext/urcu/config/install-sh'
libdir='${exec_prefix}/lib'
libexecdir='${exec_prefix}/libexec'
localedir='${datarootdir}/locale'
localstatedir='${prefix}/var'
lt_ECHO='echo'
mandir='${datarootdir}/man'
mkdir_p='/bin/mkdir -p'
oldincludedir='/usr/include'
pdfdir='${docdir}'
prefix='/usr/local'
program_transform_name='s,x,x,'
psdir='${docdir}'
sbindir='${exec_prefix}/sbin'
sharedstatedir='${prefix}/com'
sysconfdir='${prefix}/etc'
target='i686-pc-linux-gnu'
target_alias=''
target_cpu='i686'
target_os='linux-gnu'
target_vendor='pc'

## ----------- ##
## confdefs.h. ##
## ----------- ##

/* confdefs.h */
#define PACKAGE_NAME "userspace-rcu"
#define PACKAGE_TARNAME "userspace-rcu"
#define PACKAGE_VERSION "0.6.6"
#define PACKAGE_STRING "userspace-rcu 0.6.6"
#define PACKAGE_BUGREPORT "mathieu dot desnoyers at efficios dot com"
#define PACKAGE_URL ""
#define PACKAGE "userspace-rcu"
#define VERSION "0.6.6"
#define STDC_HEADERS 1
#define HAVE_SYS_TYPES_H 1
#define HAVE_SYS_STAT_H 1
#define HAVE_STDLIB_H 1
#define HAVE_STRING_H 1
#define HAVE_MEMORY_H 1
#define HAVE_STRINGS_H 1
#define HAVE_INTTYPES_H 1
#define HAVE_STDINT_H 1
#define HAVE_UNISTD_H 1
#define HAVE_DLFCN_H 1
#define LT_OBJDIR ".libs/"
#define HAVE_STDLIB_H 1
#define HAVE_MALLOC 1
#define HAVE_STDLIB_H 1
#define HAVE_UNISTD_H 1
#define HAVE_SYS_PARAM_H 1
#define HAVE_GETPAGESIZE 1
#define HAVE_MMAP 1
#define HAVE_BZERO 1
#define HAVE_GETTIMEOFDAY 1
#define HAVE_MUNMAP 1
#define HAVE_SCHED_GETCPU 1
#define HAVE_STRTOUL 1
#define HAVE_SYSCONF 1
#define CONFIG_RCU_HAVE_FUTEX 1
#define CONFIG_RCU_SMP 1
#define HAVE_SCHED_SETAFFINITY 1
#define HAVE_CPU_SET_T 1
#define HAVE_CPU_ZERO 1
#define SCHED_SETAFFINITY_ARGS 3

configure: exit 0
